GROUP,PACKAGE,CLASS,INSTRUCTION_MISSED,INSTRUCTION_COVERED,BRANCH_MISSED,BRANCH_COVERED,LINE_MISSED,LINE_COVERED,COMPLEXITY_MISSED,COMPLEXITY_COVERED,METHOD_MISSED,METHOD_COVERED
elevator-simulator-team-c,at.wielander.elevator.Helpers,ElevatorDoorState,0,67,0,4,0,12,0,5,0,3
elevator-simulator-team-c,at.wielander.elevator.Helpers,ElevatorCommittedDirection,0,60,0,4,0,11,0,5,0,3
elevator-simulator-team-c,at.wielander.elevator.Model,ElevatorSystem,41,326,5,15,9,56,9,27,4,22
elevator-simulator-team-c,at.wielander.elevator.Model,Elevator,19,241,4,6,4,58,4,19,1,17
elevator-simulator-team-c,at.wielander.elevator.MQTT,ElevatorMQTTAdapter.MQTTAdapterException,0,5,0,0,0,2,0,1,0,1
elevator-simulator-team-c,at.wielander.elevator.MQTT,ElevatorMQTTAdapter,172,722,27,69,49,167,29,37,2,16
elevator-simulator-team-c,at.wielander.elevator.Algorithm,ElevatorAlgorithm,558,17,34,0,131,4,29,2,12,2
elevator-simulator-team-c,at.wielander.elevator.Exception,MQTTClientException,0,5,0,0,0,2,0,1,0,1
