<?xml version="1.0" encoding="UTF-8"?>
<testsuite xmlns:xsi="http://www.w3.org/2001/XMLSchema-instance" xsi:noNamespaceSchemaLocation="https://maven.apache.org/surefire/maven-surefire-plugin/xsd/surefire-test-report-3.0.xsd" version="3.0" name="at.wielander.elevator.Algorithm.ElevatorAlgorithmTest" time="1.362" tests="1" errors="0" skipped="0" failures="0">
  <properties>
[...]
</properties>
  <testcase name="givenTestContainer_whenCheckingStatus_ThenExpectContainerShouldBeRunning" classname="at.wielander.elevator.Algorithm.ElevatorAlgorithmTest" time="1.361">
    <system-out><![CDATA[Host addresse: tcp://localhost:34054
]]></system-out>
    <system-err><![CDATA[[main] INFO tc.hivemq/hivemq-ce:2024.3 - Creating container for image: hivemq/hivemq-ce:2024.3
[main] INFO tc.hivemq/hivemq-ce:2024.3 - Container hivemq/hivemq-ce:2024.3 is starting: 6b425f761830c415332211834cad38a1d323c049994fde5689bf29d973ab2781
[main] INFO tc.hivemq/hivemq-ce:2024.3 - Container hivemq/hivemq-ce:2024.3 started in PT1.075918767S
]]></system-err>
  </testcase>
</testsuite>