<?xml version="1.0" encoding="UTF-8"?>
<testsuite xmlns:xsi="http://www.w3.org/2001/XMLSchema-instance" xsi:noNamespaceSchemaLocation="https://maven.apache.org/surefire/maven-surefire-plugin/xsd/surefire-test-report-3.0.xsd" version="3.0" name="at.wielander.elevator.Model.MQTTAdapterTest" time="17.774" tests="7" errors="0" skipped="0" failures="0">
  <properties>
[...]
</properties>
  <testcase name="testMQTTAdapterWithMockedElevatorAPI" classname="at.wielander.elevator.Model.MQTTAdapterTest" time="3.189">
    <system-out><![CDATA[Nachricht veröffentlicht: 3 für Topic: elevator/0/targetFloor
Nachricht veröffentlicht: 1 für Topic: elevator/0/committedDirection
Nachricht veröffentlicht: true für Topic: elevator/0/floorService/2
]]></system-out>
    <system-err><![CDATA[[main] INFO org.testcontainers.images.PullPolicy - Image pull policy will be performed by: DefaultPullPolicy()
[main] INFO org.testcontainers.utility.ImageNameSubstitutor - Image name substitution will be performed by: DefaultImageNameSubstitutor (composite of 'ConfigurationFileImageNameSubstitutor' and 'PrefixingImageNameSubstitutor')
[main] INFO org.testcontainers.DockerClientFactory - Testcontainers version: 1.20.4
[main] INFO org.testcontainers.dockerclient.DockerClientProviderStrategy - Loaded org.testcontainers.dockerclient.UnixSocketClientProviderStrategy from ~/.testcontainers.properties, will try it first
[main] INFO org.testcontainers.dockerclient.DockerClientProviderStrategy - Found Docker environment with local Unix socket (unix:///var/run/docker.sock)
[main] INFO org.testcontainers.DockerClientFactory - Docker host IP address is localhost
[main] INFO org.testcontainers.DockerClientFactory - Connected to docker: 
  Server Version: 27.2.0
  API Version: 1.47
  Operating System: Ubuntu Core 22
  Total Memory: 31196 MB
[main] INFO tc.testcontainers/ryuk:0.11.0 - Creating container for image: testcontainers/ryuk:0.11.0
[main] INFO org.testcontainers.utility.RegistryAuthLocator - Credential helper/store (docker-credential-desktop) does not have credentials for https://index.docker.io/v1/
[main] INFO tc.testcontainers/ryuk:0.11.0 - Container testcontainers/ryuk:0.11.0 is starting: 8a063239d9c3b0e2d04bfed22a8d4c94068c28f5fea9af35410f413e6a6a1bd6
[main] INFO tc.testcontainers/ryuk:0.11.0 - Container testcontainers/ryuk:0.11.0 started in PT0.286420401S
[main] INFO org.testcontainers.utility.RyukResourceReaper - Ryuk started - will monitor and terminate Testcontainers containers on JVM exit
[main] INFO org.testcontainers.DockerClientFactory - Checking the system...
[main] INFO org.testcontainers.DockerClientFactory - ✔︎ Docker server version should be at least 1.6.0
[main] INFO tc.hivemq/hivemq-ce:2024.3 - Creating container for image: hivemq/hivemq-ce:2024.3
[main] INFO tc.hivemq/hivemq-ce:2024.3 - Container hivemq/hivemq-ce:2024.3 is starting: ea660a4650820eeb306e067ebeaf24cc23132c4fa08776b967edd36ef29f6bc5
[main] INFO tc.hivemq/hivemq-ce:2024.3 - Container hivemq/hivemq-ce:2024.3 started in PT1.090450892S
[main] INFO at.wielander.elevator.Model.MQTTAdapterTest - Host addresse: tcp://localhost:34047
[RxComputationThreadPool-1] INFO at.wielander.elevator.adapter.ElevatorMQTTAdapter - Connected to adapter broker: CONNACK
[main] INFO at.wielander.elevator.adapter.ElevatorMQTTAdapter - adapter Adapter running
[RxComputationThreadPool-16] INFO at.wielander.elevator.adapter.ElevatorMQTTAdapter - Received message on topic: elevator/0/targetFloor with payload: 3
[RxComputationThreadPool-16] INFO at.wielander.elevator.adapter.ElevatorMQTTAdapter - Elevator 0 target floor: 3
[RxComputationThreadPool-16] INFO at.wielander.elevator.adapter.ElevatorMQTTAdapter - Received message on topic: elevator/0/floorService/2 with payload: true
[RxComputationThreadPool-16] INFO at.wielander.elevator.adapter.ElevatorMQTTAdapter - Elevator 0 floor 2 service: true
[RxComputationThreadPool-16] INFO at.wielander.elevator.adapter.ElevatorMQTTAdapter - Received message on topic: elevator/0/committedDirection with payload: 1
[RxComputationThreadPool-16] INFO at.wielander.elevator.adapter.ElevatorMQTTAdapter - Elevator 0 committed direction: 1
[RxComputationThreadPool-1] INFO at.wielander.elevator.adapter.ElevatorMQTTAdapter - Disconnected from adapter broker.
]]></system-err>
  </testcase>
  <testcase name="testContainerStartup" classname="at.wielander.elevator.Model.MQTTAdapterTest" time="1.365">
    <system-err><![CDATA[[main] INFO tc.hivemq/hivemq-ce:2024.3 - Creating container for image: hivemq/hivemq-ce:2024.3
[main] INFO tc.hivemq/hivemq-ce:2024.3 - Container hivemq/hivemq-ce:2024.3 is starting: 1608d36940be177ed0ad73425caaa9adf562f2ed1b8358a550a797a2fb11de4e
[main] INFO tc.hivemq/hivemq-ce:2024.3 - Container hivemq/hivemq-ce:2024.3 started in PT1.074905734S
[main] INFO at.wielander.elevator.Model.MQTTAdapterTest - Host addresse: tcp://localhost:34048
[RxComputationThreadPool-2] ERROR at.wielander.elevator.adapter.ElevatorMQTTAdapter - Failed to disconnect: MQTT client is not connected.
]]></system-err>
  </testcase>
  <testcase name="testDisconnect" classname="at.wielander.elevator.Model.MQTTAdapterTest" time="1.563">
    <system-err><![CDATA[[main] INFO tc.hivemq/hivemq-ce:2024.3 - Creating container for image: hivemq/hivemq-ce:2024.3
[main] INFO tc.hivemq/hivemq-ce:2024.3 - Container hivemq/hivemq-ce:2024.3 is starting: e8cf0ea0c259ed6ea3d0f7fb050075095294a377df7b7c6e5bfa04c67219a2b9
[main] INFO tc.hivemq/hivemq-ce:2024.3 - Container hivemq/hivemq-ce:2024.3 started in PT1.067765982S
[main] INFO at.wielander.elevator.Model.MQTTAdapterTest - Host addresse: tcp://localhost:34049
[RxComputationThreadPool-3] INFO at.wielander.elevator.adapter.ElevatorMQTTAdapter - Connected to adapter broker: CONNACK
[RxComputationThreadPool-4] INFO at.wielander.elevator.adapter.ElevatorMQTTAdapter - Disconnected from adapter broker.
[RxComputationThreadPool-5] ERROR at.wielander.elevator.adapter.ElevatorMQTTAdapter - Failed to disconnect: MQTT client is not connected.
]]></system-err>
  </testcase>
  <testcase name="testPeriodicUpdates" classname="at.wielander.elevator.Model.MQTTAdapterTest" time="6.708">
    <system-out><![CDATA[Subscription erfolgreich für Topic: elevator/0/currentFloor
Subscription erfolgreich für Topic: elevator/0/speed
Subscription erfolgreich für Topic: elevator/0/weight
Subscription erfolgreich für Topic: elevator/0/doorState
Subscription erfolgreich für Topic: elevator/0/button/0
Subscription erfolgreich für Topic: elevator/0/button/1
Subscription erfolgreich für Topic: elevator/0/button/2
Subscription erfolgreich für Topic: elevator/0/button/3
Subscription erfolgreich für Topic: elevator/1/currentFloor
Subscription erfolgreich für Topic: elevator/1/speed
Subscription erfolgreich für Topic: elevator/1/weight
Subscription erfolgreich für Topic: elevator/1/doorState
Subscription erfolgreich für Topic: elevator/1/button/0
Subscription erfolgreich für Topic: elevator/1/button/1
Subscription erfolgreich für Topic: elevator/1/button/2
Subscription erfolgreich für Topic: elevator/1/button/3
Subscription erfolgreich für Topic: floor/0/buttonDown
Subscription erfolgreich für Topic: floor/0/buttonUp
Subscription erfolgreich für Topic: floor/1/buttonDown
Subscription erfolgreich für Topic: floor/1/buttonUp
Subscription erfolgreich für Topic: floor/2/buttonDown
Subscription erfolgreich für Topic: floor/2/buttonUp
Subscription erfolgreich für Topic: floor/3/buttonDown
Subscription erfolgreich für Topic: floor/3/buttonUp
]]></system-out>
    <system-err><![CDATA[[main] INFO tc.hivemq/hivemq-ce:2024.3 - Creating container for image: hivemq/hivemq-ce:2024.3
[main] INFO tc.hivemq/hivemq-ce:2024.3 - Container hivemq/hivemq-ce:2024.3 is starting: 9b8fd9865b922935162a46c9a14fbe9d7c98fbc3924fe97301418c0f1a546f20
[main] INFO tc.hivemq/hivemq-ce:2024.3 - Container hivemq/hivemq-ce:2024.3 started in PT1.107801805S
[main] INFO at.wielander.elevator.Model.MQTTAdapterTest - Host addresse: tcp://localhost:34050
[RxComputationThreadPool-6] INFO at.wielander.elevator.adapter.ElevatorMQTTAdapter - Connected to adapter broker: CONNACK
[main] INFO at.wielander.elevator.adapter.ElevatorMQTTAdapter - adapter Adapter running
[main] INFO at.wielander.elevator.adapter.ElevatorMQTTAdapter - adapter Adapter running
[RxComputationThreadPool-13] INFO at.wielander.elevator.adapter.ElevatorMQTTAdapter - Disconnected from adapter broker.
]]></system-err>
  </testcase>
  <testcase name="testConnect" classname="at.wielander.elevator.Model.MQTTAdapterTest" time="1.632">
    <system-err><![CDATA[[main] INFO tc.hivemq/hivemq-ce:2024.3 - Creating container for image: hivemq/hivemq-ce:2024.3
[main] INFO tc.hivemq/hivemq-ce:2024.3 - Container hivemq/hivemq-ce:2024.3 is starting: e021e3596136a98c0d286e6697d5591e2e4d8644224d2de99be462b90374abf1
[main] INFO tc.hivemq/hivemq-ce:2024.3 - Container hivemq/hivemq-ce:2024.3 started in PT1.129353977S
[main] INFO at.wielander.elevator.Model.MQTTAdapterTest - Host addresse: tcp://localhost:34051
[RxComputationThreadPool-14] INFO at.wielander.elevator.adapter.ElevatorMQTTAdapter - Connected to adapter broker: CONNACK
[RxComputationThreadPool-15] INFO at.wielander.elevator.adapter.ElevatorMQTTAdapter - Disconnected from adapter broker.
]]></system-err>
  </testcase>
  <testcase name="testReconnect" classname="at.wielander.elevator.Model.MQTTAdapterTest" time="1.59">
    <system-err><![CDATA[[main] INFO tc.hivemq/hivemq-ce:2024.3 - Creating container for image: hivemq/hivemq-ce:2024.3
[main] INFO tc.hivemq/hivemq-ce:2024.3 - Container hivemq/hivemq-ce:2024.3 is starting: e99f90277d1e07bff458c681720687c3fc3bb2cd9abea0d9350b1fe3c7d5a6ed
[main] INFO tc.hivemq/hivemq-ce:2024.3 - Container hivemq/hivemq-ce:2024.3 started in PT1.102666008S
[main] INFO at.wielander.elevator.Model.MQTTAdapterTest - Host addresse: tcp://localhost:34052
[RxComputationThreadPool-16] INFO at.wielander.elevator.adapter.ElevatorMQTTAdapter - Reconnected to adapter broker.
[RxComputationThreadPool-1] INFO at.wielander.elevator.adapter.ElevatorMQTTAdapter - Disconnected from adapter broker.
]]></system-err>
  </testcase>
  <testcase name="testPublishRetainedTopics" classname="at.wielander.elevator.Model.MQTTAdapterTest" time="1.682">
    <system-out><![CDATA[Subscription erfolgreich für Topic: building/info/numberOfFloors
Subscription erfolgreich für Topic: building/info/floorHeight/feet
Subscription erfolgreich für Topic: building/info/numberOfElevators
]]></system-out>
    <system-err><![CDATA[[main] INFO tc.hivemq/hivemq-ce:2024.3 - Creating container for image: hivemq/hivemq-ce:2024.3
[main] INFO tc.hivemq/hivemq-ce:2024.3 - Container hivemq/hivemq-ce:2024.3 is starting: 9f59f9adcb27a846af672f8c5e962172242b539b89a470d063a08dc4b960c645
[main] INFO tc.hivemq/hivemq-ce:2024.3 - Container hivemq/hivemq-ce:2024.3 started in PT1.128911074S
[main] INFO at.wielander.elevator.Model.MQTTAdapterTest - Host addresse: tcp://localhost:34053
[RxComputationThreadPool-2] INFO at.wielander.elevator.adapter.ElevatorMQTTAdapter - Connected to adapter broker: CONNACK
[main] INFO at.wielander.elevator.adapter.ElevatorMQTTAdapter - adapter Adapter running
[RxComputationThreadPool-8] INFO at.wielander.elevator.adapter.ElevatorMQTTAdapter - Disconnected from adapter broker.
[pool-9-thread-1] INFO at.wielander.elevator.adapter.ElevatorMQTTAdapter - Error publishing messages
]]></system-err>
  </testcase>
</testsuite>