<?xml version="1.0" encoding="UTF-8"?>
<testsuite xmlns:xsi="http://www.w3.org/2001/XMLSchema-instance" xsi:noNamespaceSchemaLocation="https://maven.apache.org/surefire/maven-surefire-plugin/xsd/surefire-test-report-3.0.xsd" version="3.0" name="at.wielander.elevator.Model.MQTTAdapterTest" time="17.823" tests="7" errors="0" skipped="0" failures="0">
  <properties>
[...]
</properties>
  <testcase name="testMQTTAdapterWithMockedElevatorAPI" classname="at.wielander.elevator.Model.MQTTAdapterTest" time="3.154">
    <system-out><![CDATA[Host addresse: tcp://localhost:33993
Connected to MQTT broker: CONNACK
MQTT Adapter running
Nachricht veröffentlicht: true für Topic: elevator/0/floorService/2
Nachricht veröffentlicht: 1 für Topic: elevator/0/committedDirection
Nachricht veröffentlicht: 3 für Topic: elevator/0/targetFloor
Received message on topic: elevator/0/committedDirection with payload: 1
Elevator 0 committed direction: 1
Received message on topic: elevator/0/floorService/2 with payload: true
Elevator 0 floor 2 service: true
Received message on topic: elevator/0/targetFloor with payload: 3
Elevator 0 target floor: 3
Disconnected from MQTT broker.
]]></system-out>
    <system-err><![CDATA[[main] INFO org.testcontainers.images.PullPolicy - Image pull policy will be performed by: DefaultPullPolicy()
[main] INFO org.testcontainers.utility.ImageNameSubstitutor - Image name substitution will be performed by: DefaultImageNameSubstitutor (composite of 'ConfigurationFileImageNameSubstitutor' and 'PrefixingImageNameSubstitutor')
[main] INFO org.testcontainers.DockerClientFactory - Testcontainers version: 1.20.4
[main] INFO org.testcontainers.dockerclient.DockerClientProviderStrategy - Loaded org.testcontainers.dockerclient.UnixSocketClientProviderStrategy from ~/.testcontainers.properties, will try it first
[main] INFO org.testcontainers.dockerclient.DockerClientProviderStrategy - Found Docker environment with local Unix socket (unix:///var/run/docker.sock)
[main] INFO org.testcontainers.DockerClientFactory - Docker host IP address is localhost
[main] INFO org.testcontainers.DockerClientFactory - Connected to docker: 
  Server Version: 27.2.0
  API Version: 1.47
  Operating System: Ubuntu Core 22
  Total Memory: 31196 MB
[main] INFO tc.testcontainers/ryuk:0.11.0 - Creating container for image: testcontainers/ryuk:0.11.0
[main] INFO org.testcontainers.utility.RegistryAuthLocator - Credential helper/store (docker-credential-desktop) does not have credentials for https://index.docker.io/v1/
[main] INFO tc.testcontainers/ryuk:0.11.0 - Container testcontainers/ryuk:0.11.0 is starting: dc536381af60b6b90c3ba271acff11015eabd1aeca0124e5115ff64406f0b1ca
[main] INFO tc.testcontainers/ryuk:0.11.0 - Container testcontainers/ryuk:0.11.0 started in PT0.276409484S
[main] INFO org.testcontainers.utility.RyukResourceReaper - Ryuk started - will monitor and terminate Testcontainers containers on JVM exit
[main] INFO org.testcontainers.DockerClientFactory - Checking the system...
[main] INFO org.testcontainers.DockerClientFactory - ✔︎ Docker server version should be at least 1.6.0
[main] INFO tc.hivemq/hivemq-ce:2024.3 - Creating container for image: hivemq/hivemq-ce:2024.3
[main] INFO tc.hivemq/hivemq-ce:2024.3 - Container hivemq/hivemq-ce:2024.3 is starting: 4a7bf1d95c07fe3a6591d59cab5e6d774acde4d49f3bc5235bb75a2c0d36c487
[main] INFO tc.hivemq/hivemq-ce:2024.3 - Container hivemq/hivemq-ce:2024.3 started in PT1.076262413S
]]></system-err>
  </testcase>
  <testcase name="testContainerStartup" classname="at.wielander.elevator.Model.MQTTAdapterTest" time="1.406">
    <system-out><![CDATA[Host addresse: tcp://localhost:33994
]]></system-out>
    <system-err><![CDATA[[main] INFO tc.hivemq/hivemq-ce:2024.3 - Creating container for image: hivemq/hivemq-ce:2024.3
[main] INFO tc.hivemq/hivemq-ce:2024.3 - Container hivemq/hivemq-ce:2024.3 is starting: b0c21cdf0e2a884fb10189e25fbda54965b50cb3ba63ad99674d9bfe6f4bfa01
[main] INFO tc.hivemq/hivemq-ce:2024.3 - Container hivemq/hivemq-ce:2024.3 started in PT1.103711984S
Failed to disconnect: MQTT client is not connected.
]]></system-err>
  </testcase>
  <testcase name="testDisconnect" classname="at.wielander.elevator.Model.MQTTAdapterTest" time="1.609">
    <system-out><![CDATA[Host addresse: tcp://localhost:33995
Connected to MQTT broker: CONNACK
Disconnected from MQTT broker.
]]></system-out>
    <system-err><![CDATA[[main] INFO tc.hivemq/hivemq-ce:2024.3 - Creating container for image: hivemq/hivemq-ce:2024.3
[main] INFO tc.hivemq/hivemq-ce:2024.3 - Container hivemq/hivemq-ce:2024.3 is starting: 416c8b7e5eae70b4e44a973c439cad779bf2b0a037041ad3ea70391beb14fc65
[main] INFO tc.hivemq/hivemq-ce:2024.3 - Container hivemq/hivemq-ce:2024.3 started in PT1.104701308S
Failed to disconnect: MQTT client is not connected.
]]></system-err>
  </testcase>
  <testcase name="testPeriodicUpdates" classname="at.wielander.elevator.Model.MQTTAdapterTest" time="6.707">
    <system-out><![CDATA[Host addresse: tcp://localhost:33996
Connected to MQTT broker: CONNACK
MQTT Adapter running
Subscription erfolgreich für Topic: elevator/0/currentFloor
Subscription erfolgreich für Topic: elevator/0/speed
Subscription erfolgreich für Topic: elevator/0/weight
Subscription erfolgreich für Topic: elevator/0/doorState
Subscription erfolgreich für Topic: elevator/0/button/0
Subscription erfolgreich für Topic: elevator/0/button/1
Subscription erfolgreich für Topic: elevator/0/button/2
Subscription erfolgreich für Topic: elevator/0/button/3
Subscription erfolgreich für Topic: elevator/1/currentFloor
Subscription erfolgreich für Topic: elevator/1/speed
Subscription erfolgreich für Topic: elevator/1/weight
Subscription erfolgreich für Topic: elevator/1/doorState
Subscription erfolgreich für Topic: elevator/1/button/0
Subscription erfolgreich für Topic: elevator/1/button/1
Subscription erfolgreich für Topic: elevator/1/button/2
Subscription erfolgreich für Topic: elevator/1/button/3
Subscription erfolgreich für Topic: floor/0/buttonDown
Subscription erfolgreich für Topic: floor/0/buttonUp
Subscription erfolgreich für Topic: floor/1/buttonDown
Subscription erfolgreich für Topic: floor/1/buttonUp
Subscription erfolgreich für Topic: floor/2/buttonDown
Subscription erfolgreich für Topic: floor/2/buttonUp
Subscription erfolgreich für Topic: floor/3/buttonDown
Subscription erfolgreich für Topic: floor/3/buttonUp
Nachricht empfangen: 0 für Topic: elevator/1/currentFloor
Nachricht empfangen: 0 für Topic: elevator/1/speed
Nachricht empfangen: 0 für Topic: elevator/1/weight
Nachricht empfangen: 2 für Topic: elevator/1/doorState
Nachricht empfangen: false für Topic: elevator/1/button/1
Nachricht empfangen: false für Topic: elevator/1/button/2
Nachricht empfangen: false für Topic: elevator/1/button/3
Nachricht empfangen: false für Topic: floor/1/buttonDown
Nachricht empfangen: false für Topic: floor/1/buttonUp
Nachricht empfangen: false für Topic: floor/2/buttonDown
Nachricht empfangen: false für Topic: floor/2/buttonUp
Nachricht empfangen: false für Topic: floor/3/buttonDown
Nachricht empfangen: false für Topic: floor/3/buttonUp
MQTT Adapter running
Disconnected from MQTT broker.
]]></system-out>
    <system-err><![CDATA[[main] INFO tc.hivemq/hivemq-ce:2024.3 - Creating container for image: hivemq/hivemq-ce:2024.3
[main] INFO tc.hivemq/hivemq-ce:2024.3 - Container hivemq/hivemq-ce:2024.3 is starting: 2dff49ac2cdd3156ccc7b301fdb8fcc37272b53b74137c2f9caf97c8e7b295c4
[main] INFO tc.hivemq/hivemq-ce:2024.3 - Container hivemq/hivemq-ce:2024.3 started in PT1.084279132S
]]></system-err>
  </testcase>
  <testcase name="testConnect" classname="at.wielander.elevator.Model.MQTTAdapterTest" time="1.686">
    <system-out><![CDATA[Host addresse: tcp://localhost:33997
Connected to MQTT broker: CONNACK
Disconnected from MQTT broker.
]]></system-out>
    <system-err><![CDATA[[main] INFO tc.hivemq/hivemq-ce:2024.3 - Creating container for image: hivemq/hivemq-ce:2024.3
[main] INFO tc.hivemq/hivemq-ce:2024.3 - Container hivemq/hivemq-ce:2024.3 is starting: 3a4b663a393756d8bb743c1bdb4410f11dda24dc3a2b58e9f5a4e6cece470c76
[main] INFO tc.hivemq/hivemq-ce:2024.3 - Container hivemq/hivemq-ce:2024.3 started in PT1.185701482S
]]></system-err>
  </testcase>
  <testcase name="testReconnect" classname="at.wielander.elevator.Model.MQTTAdapterTest" time="1.568">
    <system-out><![CDATA[Host addresse: tcp://localhost:33998
Reconnected to MQTT broker.
Disconnected from MQTT broker.
]]></system-out>
    <system-err><![CDATA[[main] INFO tc.hivemq/hivemq-ce:2024.3 - Creating container for image: hivemq/hivemq-ce:2024.3
[main] INFO tc.hivemq/hivemq-ce:2024.3 - Container hivemq/hivemq-ce:2024.3 is starting: 84806f3547f26ddae77e8e0fdb1d73c9b7c78fcfe75ce8d439d08f31da45ea86
[main] INFO tc.hivemq/hivemq-ce:2024.3 - Container hivemq/hivemq-ce:2024.3 started in PT1.067228647S
]]></system-err>
  </testcase>
  <testcase name="testPublishRetainedTopics" classname="at.wielander.elevator.Model.MQTTAdapterTest" time="1.635">
    <system-out><![CDATA[Host addresse: tcp://localhost:33999
Connected to MQTT broker: CONNACK
Subscription erfolgreich für Topic: building/info/numberOfElevators
Subscription erfolgreich für Topic: building/info/floorHeight/feet
Subscription erfolgreich für Topic: building/info/numberOfFloors
MQTT Adapter running
Disconnected from MQTT broker.
Error publishing messages
]]></system-out>
    <system-err><![CDATA[[main] INFO tc.hivemq/hivemq-ce:2024.3 - Creating container for image: hivemq/hivemq-ce:2024.3
[main] INFO tc.hivemq/hivemq-ce:2024.3 - Container hivemq/hivemq-ce:2024.3 is starting: 7c6225399177f8b2b2f1e96ce939c4f563329d1efa30362732dfb5926fd926cd
[main] INFO tc.hivemq/hivemq-ce:2024.3 - Container hivemq/hivemq-ce:2024.3 started in PT1.09633003S
]]></system-err>
  </testcase>
</testsuite>